TN:
SF:middleware/auth.js
FN:4,(anonymous_0)
FN:19,(anonymous_1)
FNF:2
FNH:0
FNDA:0,(anonymous_0)
FNDA:0,(anonymous_1)
DA:1,0
DA:2,0
DA:4,0
DA:5,0
DA:6,0
DA:8,0
DA:10,0
DA:11,0
DA:12,0
DA:13,0
DA:15,0
DA:19,0
DA:20,0
DA:22,0
DA:23,0
DA:24,0
DA:26,0
DA:27,0
DA:31,0
LF:19
LH:0
BRDA:6,0,0,0
BRDA:6,0,1,0
BRDA:8,1,0,0
BRDA:8,1,1,0
BRDA:22,2,0,0
BRDA:22,2,1,0
BRDA:22,3,0,0
BRDA:22,3,1,0
BRF:8
BRH:0
end_of_record
TN:
SF:routes/admin.js
FN:7,(anonymous_0)
FN:18,(anonymous_1)
FN:33,(anonymous_2)
FN:43,(anonymous_3)
FN:58,(anonymous_4)
FNF:5
FNH:0
FNDA:0,(anonymous_0)
FNDA:0,(anonymous_1)
FNDA:0,(anonymous_2)
FNDA:0,(anonymous_3)
FNDA:0,(anonymous_4)
DA:1,0
DA:2,0
DA:3,0
DA:4,0
DA:7,0
DA:8,0
DA:18,0
DA:19,0
DA:33,0
DA:34,0
DA:35,0
DA:36,0
DA:38,0
DA:43,0
DA:44,0
DA:58,0
DA:59,0
DA:60,0
DA:61,0
DA:63,0
DA:67,0
LF:21
LH:0
BRDA:34,0,0,0
BRDA:34,0,1,0
BRDA:59,1,0,0
BRDA:59,1,1,0
BRF:4
BRH:0
end_of_record
TN:
SF:routes/auth.js
FN:11,(anonymous_0)
FN:12,(anonymous_1)
FN:13,(anonymous_2)
FN:21,(anonymous_3)
FN:28,(anonymous_4)
FN:96,(anonymous_5)
FN:186,(anonymous_6)
FNF:7
FNH:4
FNDA:6,(anonymous_0)
FNDA:6,(anonymous_1)
FNDA:6,(anonymous_2)
FNDA:0,(anonymous_3)
FNDA:0,(anonymous_4)
FNDA:1,(anonymous_5)
FNDA:0,(anonymous_6)
DA:1,2
DA:2,2
DA:3,2
DA:4,2
DA:5,2
DA:6,2
DA:8,2
DA:11,2
DA:12,6
DA:13,6
DA:14,6
DA:15,6
DA:21,2
DA:22,0
DA:23,0
DA:24,0
DA:27,0
DA:28,0
DA:30,0
DA:31,0
DA:32,0
DA:36,0
DA:38,0
DA:39,0
DA:40,0
DA:44,0
DA:45,0
DA:48,0
DA:49,0
DA:52,0
DA:53,0
DA:58,0
DA:62,0
DA:72,0
DA:75,0
DA:90,0
DA:91,0
DA:96,2
DA:97,1
DA:98,1
DA:101,1
DA:103,1
DA:104,0
DA:108,1
DA:111,1
DA:112,1
DA:113,1
DA:116,1
DA:118,1
DA:120,1
DA:126,1
DA:132,1
DA:138,1
DA:139,0
DA:146,1
DA:149,1
DA:159,1
DA:161,1
DA:176,0
DA:177,0
DA:180,0
DA:181,0
DA:186,2
DA:187,0
DA:188,0
DA:191,0
DA:193,0
DA:194,0
DA:197,0
DA:200,0
DA:201,0
DA:202,0
DA:204,0
DA:213,0
DA:214,0
DA:218,2
LF:76
LH:34
BRDA:11,0,0,2
BRDA:14,1,0,0
BRDA:14,1,1,6
BRDA:28,2,0,0
BRDA:28,2,1,0
BRDA:30,3,0,0
BRDA:30,3,1,0
BRDA:38,4,0,0
BRDA:38,4,1,0
BRDA:45,5,0,0
BRDA:45,5,1,0
BRDA:49,6,0,0
BRDA:49,6,1,0
BRDA:53,7,0,0
BRDA:53,7,1,0
BRDA:58,8,0,0
BRDA:58,8,1,0
BRDA:58,9,0,0
BRDA:58,9,1,0
BRDA:58,10,0,0
BRDA:58,10,1,0
BRDA:103,11,0,0
BRDA:103,11,1,1
BRDA:112,12,0,0
BRDA:112,12,1,1
BRDA:138,13,0,0
BRDA:138,13,1,1
BRDA:162,14,0,0
BRDA:162,14,1,1
BRDA:193,15,0,0
BRDA:193,15,1,0
BRF:31
BRH:6
end_of_record
TN:
SF:routes/cart.js
FN:6,(anonymous_0)
FN:7,(anonymous_1)
FN:8,(anonymous_2)
FN:16,(anonymous_3)
FN:50,(anonymous_4)
FN:98,(anonymous_5)
FNF:6
FNH:4
FNDA:11,(anonymous_0)
FNDA:11,(anonymous_1)
FNDA:11,(anonymous_2)
FNDA:0,(anonymous_3)
FNDA:3,(anonymous_4)
FNDA:0,(anonymous_5)
DA:1,2
DA:2,2
DA:3,2
DA:6,2
DA:7,11
DA:8,11
DA:9,11
DA:10,11
DA:16,2
DA:17,0
DA:18,0
DA:20,0
DA:21,0
DA:25,0
DA:27,0
DA:29,0
DA:30,0
DA:31,0
DA:35,0
DA:42,0
DA:44,0
DA:45,0
DA:50,2
DA:51,3
DA:52,3
DA:55,3
DA:56,0
DA:60,3
DA:61,3
DA:62,0
DA:66,3
DA:69,3
DA:70,0
DA:71,0
DA:75,3
DA:80,3
DA:81,1
DA:85,2
DA:90,2
DA:92,0
DA:93,0
DA:98,2
DA:99,0
DA:100,0
DA:102,0
DA:103,0
DA:106,0
DA:111,0
DA:113,0
DA:114,0
DA:118,2
LF:51
LH:24
BRDA:6,0,0,0
BRDA:9,1,0,0
BRDA:9,1,1,11
BRDA:20,2,0,0
BRDA:20,2,1,0
BRDA:27,3,0,0
BRDA:27,3,1,0
BRDA:55,4,0,0
BRDA:55,4,1,3
BRDA:55,5,0,3
BRDA:55,5,1,3
BRDA:61,6,0,0
BRDA:61,6,1,3
BRDA:69,7,0,0
BRDA:69,7,1,3
BRDA:80,8,0,1
BRDA:80,8,1,2
BRDA:102,9,0,0
BRDA:102,9,1,0
BRDA:102,10,0,0
BRDA:102,10,1,0
BRF:21
BRH:8
end_of_record
TN:
SF:routes/dashboard.js
FN:5,(anonymous_0)
FN:13,(anonymous_1)
FN:19,(anonymous_2)
FN:26,(anonymous_3)
FNF:4
FNH:0
FNDA:0,(anonymous_0)
FNDA:0,(anonymous_1)
FNDA:0,(anonymous_2)
FNDA:0,(anonymous_3)
DA:1,0
DA:2,0
DA:3,0
DA:5,0
DA:6,0
DA:7,0
DA:13,0
DA:14,0
DA:15,0
DA:19,0
DA:20,0
DA:21,0
DA:26,0
DA:27,0
DA:28,0
DA:32,0
LF:16
LH:0
BRDA:14,0,0,0
BRDA:14,0,1,0
BRDA:27,1,0,0
BRDA:27,1,1,0
BRF:4
BRH:0
end_of_record
TN:
SF:routes/inquiries.js
FN:5,(anonymous_0)
FN:8,(anonymous_1)
FNF:2
FNH:0
FNDA:0,(anonymous_0)
FNDA:0,(anonymous_1)
DA:1,0
DA:2,0
DA:3,0
DA:5,0
DA:6,0
DA:7,0
DA:8,0
DA:9,0
DA:10,0
DA:14,0
LF:10
LH:0
BRDA:9,0,0,0
BRDA:9,0,1,0
BRF:2
BRH:0
end_of_record
TN:
SF:routes/orders.js
FN:6,(anonymous_0)
FN:20,(anonymous_1)
FN:21,(anonymous_2)
FN:25,(anonymous_3)
FN:30,(anonymous_4)
FN:57,(anonymous_5)
FN:64,(anonymous_6)
FN:67,(anonymous_7)
FN:75,(anonymous_8)
FN:88,(anonymous_9)
FN:97,(anonymous_10)
FN:103,(anonymous_11)
FN:107,(anonymous_12)
FN:117,(anonymous_13)
FN:168,(anonymous_14)
FN:175,(anonymous_15)
FN:178,(anonymous_16)
FN:187,(anonymous_17)
FNF:18
FNH:9
FNDA:3,(anonymous_0)
FNDA:2,(anonymous_1)
FNDA:2,(anonymous_2)
FNDA:2,(anonymous_3)
FNDA:2,(anonymous_4)
FNDA:2,(anonymous_5)
FNDA:2,(anonymous_6)
FNDA:2,(anonymous_7)
FNDA:2,(anonymous_8)
FNDA:0,(anonymous_9)
FNDA:0,(anonymous_10)
FNDA:0,(anonymous_11)
FNDA:0,(anonymous_12)
FNDA:0,(anonymous_13)
FNDA:0,(anonymous_14)
FNDA:0,(anonymous_15)
FNDA:0,(anonymous_16)
FNDA:0,(anonymous_17)
DA:1,2
DA:2,2
DA:3,2
DA:6,2
DA:7,3
DA:9,3
DA:11,3
DA:12,0
DA:15,3
DA:16,1
DA:20,2
DA:21,2
DA:22,0
DA:25,2
DA:28,2
DA:30,2
DA:31,2
DA:32,0
DA:33,0
DA:36,2
DA:37,0
DA:40,2
DA:41,0
DA:45,2
DA:46,2
DA:47,0
DA:50,2
DA:53,2
DA:56,2
DA:57,2
DA:58,2
DA:59,0
DA:60,0
DA:64,2
DA:65,2
DA:67,2
DA:68,2
DA:69,0
DA:70,0
DA:74,2
DA:75,2
DA:76,2
DA:77,0
DA:81,2
DA:88,2
DA:89,0
DA:90,0
DA:97,0
DA:98,0
DA:99,0
DA:103,2
DA:104,0
DA:105,0
DA:106,0
DA:107,0
DA:108,0
DA:109,0
DA:117,2
DA:118,0
DA:120,0
DA:122,0
DA:123,0
DA:136,0
DA:137,0
DA:138,0
DA:151,0
DA:153,0
DA:168,0
DA:169,0
DA:170,0
DA:171,0
DA:175,0
DA:176,0
DA:177,0
DA:178,0
DA:180,0
DA:187,0
DA:195,0
DA:200,2
LF:79
LH:36
BRDA:11,0,0,0
BRDA:11,0,1,3
BRDA:15,1,0,1
BRDA:15,1,1,2
BRDA:15,2,0,3
BRDA:15,2,1,3
BRDA:15,2,2,3
BRDA:21,3,0,0
BRDA:21,3,1,2
BRDA:31,4,0,0
BRDA:31,4,1,2
BRDA:36,5,0,0
BRDA:36,5,1,2
BRDA:36,6,0,2
BRDA:36,6,1,2
BRDA:40,7,0,0
BRDA:40,7,1,2
BRDA:46,8,0,0
BRDA:46,8,1,2
BRDA:58,9,0,0
BRDA:58,9,1,2
BRDA:68,10,0,0
BRDA:68,10,1,2
BRDA:76,11,0,0
BRDA:76,11,1,2
BRDA:98,12,0,0
BRDA:98,12,1,0
BRDA:108,13,0,0
BRDA:108,13,1,0
BRDA:122,14,0,0
BRDA:122,14,1,0
BRDA:137,15,0,0
BRDA:137,15,1,0
BRDA:169,16,0,0
BRDA:169,16,1,0
BRDA:176,17,0,0
BRDA:176,17,1,0
BRDA:177,18,0,0
BRDA:177,18,1,0
BRDA:178,19,0,0
BRDA:178,19,1,0
BRDA:189,20,0,0
BRDA:189,20,1,0
BRDA:190,21,0,0
BRDA:190,21,1,0
BRF:45
BRH:16
end_of_record
TN:
SF:routes/payments.js
FN:5,(anonymous_0)
FN:14,(anonymous_1)
FN:26,(anonymous_2)
FN:35,(anonymous_3)
FNF:4
FNH:4
FNDA:2,(anonymous_0)
FNDA:2,(anonymous_1)
FNDA:2,(anonymous_2)
FNDA:2,(anonymous_3)
DA:1,2
DA:2,2
DA:3,2
DA:5,2
DA:6,2
DA:8,2
DA:9,0
DA:13,2
DA:14,2
DA:15,2
DA:16,0
DA:17,0
DA:20,2
DA:21,0
DA:25,2
DA:26,2
DA:27,2
DA:28,0
DA:29,0
DA:33,2
DA:35,2
DA:36,2
DA:39,2
DA:41,2
DA:50,2
LF:25
LH:19
BRDA:8,0,0,0
BRDA:8,0,1,2
BRDA:8,1,0,2
BRDA:8,1,1,2
BRDA:8,1,2,2
BRDA:15,2,0,0
BRDA:15,2,1,2
BRDA:20,3,0,0
BRDA:20,3,1,2
BRDA:27,4,0,0
BRDA:27,4,1,2
BRDA:36,5,0,0
BRDA:36,5,1,2
BRF:13
BRH:8
end_of_record
TN:
SF:routes/products.js
FN:5,(anonymous_0)
FN:22,(anonymous_1)
FN:28,(anonymous_2)
FN:31,(anonymous_3)
FN:37,(anonymous_4)
FN:40,(anonymous_5)
FN:46,(anonymous_6)
FN:57,(anonymous_7)
FN:75,(anonymous_8)
FN:83,(anonymous_9)
FN:89,(anonymous_10)
FN:107,(anonymous_11)
FNF:12
FNH:2
FNDA:2,(anonymous_0)
FNDA:2,(anonymous_1)
FNDA:0,(anonymous_2)
FNDA:0,(anonymous_3)
FNDA:0,(anonymous_4)
FNDA:0,(anonymous_5)
FNDA:0,(anonymous_6)
FNDA:0,(anonymous_7)
FNDA:0,(anonymous_8)
FNDA:0,(anonymous_9)
FNDA:0,(anonymous_10)
FNDA:0,(anonymous_11)
DA:1,1
DA:2,1
DA:3,1
DA:5,1
DA:6,2
DA:7,2
DA:12,2
DA:14,1
DA:15,1
DA:18,1
DA:19,1
DA:22,2
DA:23,2
DA:24,2
DA:28,1
DA:29,0
DA:30,0
DA:31,0
DA:32,0
DA:33,0
DA:37,1
DA:38,0
DA:39,0
DA:40,0
DA:41,0
DA:42,0
DA:46,1
DA:47,0
DA:48,0
DA:51,0
DA:52,0
DA:56,0
DA:57,0
DA:58,0
DA:59,0
DA:62,0
DA:63,0
DA:66,0
DA:69,0
DA:70,0
DA:74,0
DA:75,0
DA:76,0
DA:77,0
DA:83,1
DA:84,0
DA:85,0
DA:88,0
DA:89,0
DA:90,0
DA:91,0
DA:94,0
DA:95,0
DA:98,0
DA:101,0
DA:102,0
DA:106,0
DA:107,0
DA:108,0
DA:109,0
DA:114,1
LF:61
LH:19
BRDA:7,0,0,1
BRDA:7,0,1,1
BRDA:12,1,0,1
BRDA:12,1,1,1
BRDA:23,2,0,0
BRDA:23,2,1,2
BRDA:32,3,0,0
BRDA:32,3,1,0
BRDA:41,4,0,0
BRDA:41,4,1,0
BRDA:51,5,0,0
BRDA:51,5,1,0
BRDA:58,6,0,0
BRDA:58,6,1,0
BRDA:62,7,0,0
BRDA:62,7,1,0
BRDA:69,8,0,0
BRDA:69,8,1,0
BRDA:76,9,0,0
BRDA:76,9,1,0
BRDA:90,10,0,0
BRDA:90,10,1,0
BRDA:94,11,0,0
BRDA:94,11,1,0
BRDA:101,12,0,0
BRDA:101,12,1,0
BRDA:108,13,0,0
BRDA:108,13,1,0
BRF:28
BRH:5
end_of_record
TN:
SF:routes/reviews.js
FN:5,(anonymous_0)
FN:8,(anonymous_1)
FNF:2
FNH:0
FNDA:0,(anonymous_0)
FNDA:0,(anonymous_1)
DA:1,0
DA:2,0
DA:3,0
DA:5,0
DA:6,0
DA:7,0
DA:8,0
DA:9,0
DA:10,0
DA:14,0
LF:10
LH:0
BRDA:9,0,0,0
BRDA:9,0,1,0
BRF:2
BRH:0
end_of_record
TN:
SF:routes/search.js
FN:5,(anonymous_0)
FN:25,(anonymous_1)
FNF:2
FNH:0
FNDA:0,(anonymous_0)
FNDA:0,(anonymous_1)
DA:1,0
DA:2,0
DA:3,0
DA:5,0
DA:6,0
DA:7,0
DA:8,0
DA:10,0
DA:11,0
DA:12,0
DA:15,0
DA:16,0
DA:17,0
DA:20,0
DA:21,0
DA:22,0
DA:25,0
DA:26,0
DA:27,0
DA:31,0
LF:20
LH:0
BRDA:10,0,0,0
BRDA:10,0,1,0
BRDA:15,1,0,0
BRDA:15,1,1,0
BRDA:20,2,0,0
BRDA:20,2,1,0
BRDA:26,3,0,0
BRDA:26,3,1,0
BRF:8
BRH:0
end_of_record
